<?xml version="1.0" encoding="UTF-8"?>
<testng-results skipped="0" failed="0" ignored="0" total="2" passed="2">
  <reporter-output>
  </reporter-output>
  <suite name="Suite" duration-ms="24846" started-at="2017-05-14T07:06:23Z" finished-at="2017-05-14T07:06:48Z">
    <groups>
    </groups>
    <test name="SmokeTest" duration-ms="24846" started-at="2017-05-14T07:06:23Z" finished-at="2017-05-14T07:06:48Z">
      <class name="testCases.VerifyHomepage">
        <test-method status="PASS" signature="Openbrowser()[pri:0, instance:testCases.VerifyHomepage@247d8ae]" name="Openbrowser" is-config="true" duration-ms="8308" started-at="2017-05-14T12:36:23Z" finished-at="2017-05-14T12:36:31Z">
          <reporter-output>
          </reporter-output>
        </test-method> <!-- Openbrowser -->
        <test-method status="PASS" signature="Homepage()[pri:0, instance:testCases.VerifyHomepage@247d8ae]" name="Homepage" duration-ms="107" started-at="2017-05-14T12:36:31Z" finished-at="2017-05-14T12:36:31Z">
          <reporter-output>
          </reporter-output>
        </test-method> <!-- Homepage -->
      </class> <!-- testCases.VerifyHomepage -->
      <class name="testCases.VerifyLoginPage">
        <test-method status="PASS" signature="Openbrowser()[pri:0, instance:testCases.VerifyLoginPage@48974e45]" name="Openbrowser" is-config="true" duration-ms="5998" started-at="2017-05-14T12:36:31Z" finished-at="2017-05-14T12:36:37Z">
          <reporter-output>
          </reporter-output>
        </test-method> <!-- Openbrowser -->
        <test-method status="PASS" signature="Loginpage()[pri:0, instance:testCases.VerifyLoginPage@48974e45]" name="Loginpage" duration-ms="10369" started-at="2017-05-14T12:36:37Z" finished-at="2017-05-14T12:36:48Z">
          <reporter-output>
          </reporter-output>
        </test-method> <!-- Loginpage -->
        <test-method status="PASS" signature="closebrowser()[pri:0, instance:testCases.VerifyLoginPage@48974e45]" name="closebrowser" is-config="true" duration-ms="45" started-at="2017-05-14T12:36:48Z" finished-at="2017-05-14T12:36:48Z">
          <reporter-output>
          </reporter-output>
        </test-method> <!-- closebrowser -->
      </class> <!-- testCases.VerifyLoginPage -->
    </test> <!-- SmokeTest -->
  </suite> <!-- Suite -->
</testng-results>
